      Lon      Lat    Year     Jan     Feb     Mar     Apr     May     Jun     Jul     Aug     Sep     Oct     Nov     Dec
   -51.25    64.25    1901   0.835   0.891   1.017   1.122   0.929   0.579   0.154   0.000   0.000   0.025   0.122   0.259
   -51.25    64.25    1902   0.360   0.431   0.468   0.486   0.475   0.072   0.000   0.000   0.000   0.037   0.100   0.124
   -51.25    64.25    1903   0.170   0.222   0.260   0.296   0.332   0.289   0.023   0.000   0.000   0.008   0.052   0.121
   -51.25    64.25    1904   0.235   0.295   0.358   0.408   0.420   0.204   0.000   0.000   0.005   0.094   0.303   0.406
   -51.25    64.25    1905   0.447   0.489   0.558   0.593   0.560   0.451   0.152   0.000   0.001   0.040   0.154   0.301
   -51.25    64.25    1906   0.336   0.364   0.424   0.506   0.533   0.307   0.022   0.000   0.000   0.125   0.372   0.533
   -51.25    64.25    1907   0.689   0.812   0.911   0.929   0.739   0.438   0.074   0.000   0.006   0.131   0.289   0.470
   -51.25    64.25    1908   0.567   0.689   1.037   1.148   1.003   0.678   0.139   0.000   0.002   0.134   0.334   0.407
   -51.25    64.25    1909   0.484   0.623   0.730   0.865   0.763   0.174   0.000   0.000   0.000   0.063   0.183   0.330
   -51.25    64.25    1910   0.432   0.481   0.538   0.761   0.712   0.456   0.069   0.000   0.003   0.066   0.162   0.187
   -51.25    64.25    1911   0.228   0.262   0.313   0.361   0.386   0.241   0.015   0.000   0.000   0.017   0.059   0.125
   -51.25    64.25    1912   0.158   0.207   0.248   0.289   0.346   0.085   0.000   0.000   0.001   0.030   0.097   0.146
   -51.25    64.25    1913   0.231   0.301   0.349   0.390   0.417   0.259   0.000   0.000   0.000   0.027   0.116   0.165
   -51.25    64.25    1914   0.218   0.237   0.247   0.279   0.347   0.370   0.111   0.000   0.002   0.014   0.075   0.147
   -51.25    64.25    1915   0.175   0.202   0.209   0.256   0.328   0.108   0.000   0.000   0.000   0.022   0.157   0.358
   -51.25    64.25    1916   0.531   0.608   0.770   0.882   0.682   0.129   0.000   0.000   0.000   0.093   0.400   0.646
   -51.25    64.25    1917   0.909   1.132   1.320   1.477   1.321   0.873   0.246   0.000   0.005   0.127   0.375   0.783
   -51.25    64.25    1918   0.988   1.053   1.128   1.224   1.059   0.796   0.384   0.010   0.001   0.138   0.252   0.384
   -51.25    64.25    1919   0.442   0.468   0.578   0.743   0.761   0.492   0.085   0.000   0.000   0.056   0.198   0.490
   -51.25    64.25    1920   0.567   0.597   0.631   0.653   0.621   0.238   0.000   0.000   0.001   0.061   0.137   0.269
   -51.25    64.25    1921   0.360   0.446   0.563   0.637   0.672   0.529   0.196   0.000   0.000   0.084   0.221   0.288
   -51.25    64.25    1922   0.352   0.390   0.401   0.448   0.492   0.496   0.264   0.000   0.002   0.007   0.134   0.236
   -51.25    64.25    1923   0.305   0.374   0.386   0.445   0.435   0.155   0.000   0.000   0.000   0.030   0.132   0.236
   -51.25    64.25    1924   0.307   0.378   0.476   0.579   0.529   0.138   0.000   0.000   0.002   0.081   0.166   0.317
   -51.25    64.25    1925   0.377   0.396   0.452   0.506   0.523   0.351   0.080   0.000   0.000   0.025   0.242   0.703
   -51.25    64.25    1926   0.847   0.880   0.960   1.014   0.974   0.267   0.000   0.000   0.000   0.034   0.161   0.301
   -51.25    64.25    1927   0.501   0.547   0.584   0.608   0.452   0.043   0.000   0.000   0.000   0.055   0.203   0.281
   -51.25    64.25    1928   0.393   0.418   0.502   0.520   0.259   0.002   0.000   0.000   0.000   0.012   0.033   0.068
   -51.25    64.25    1929   0.121   0.163   0.208   0.257   0.196   0.002   0.000   0.000   0.000   0.067   0.183   0.222
   -51.25    64.25    1930   0.249   0.304   0.404   0.472   0.474   0.220   0.001   0.000   0.000   0.044   0.147   0.209
   -51.25    64.25    1931   0.235   0.269   0.320   0.340   0.289   0.038   0.000   0.000   0.000   0.061   0.263   0.315
   -51.25    64.25    1932   0.335   0.423   0.628   0.800   0.754   0.379   0.014   0.000   0.000   0.142   0.447   0.558
   -51.25    64.25    1933   0.672   0.726   0.772   0.871   0.666   0.219   0.000   0.000   0.001   0.031   0.089   0.124
   -51.25    64.25    1934   0.141   0.155   0.165   0.188   0.197   0.060   0.000   0.000   0.000   0.090   0.374   0.545
   -51.25    64.25    1935   0.604   0.657   0.709   0.731   0.400   0.019   0.000   0.000   0.000   0.072   0.230   0.320
   -51.25    64.25    1936   0.372   0.403   0.532   0.784   0.689   0.292   0.001   0.000   0.000   0.105   0.360   0.464
   -51.25    64.25    1937   0.514   0.523   0.544   0.559   0.457   0.195   0.000   0.000   0.000   0.075   0.185   0.304
   -51.25    64.25    1938   0.397   0.460   0.542   0.665   0.523   0.278   0.020   0.000   0.000   0.036   0.087   0.149
   -51.25    64.25    1939   0.190   0.237   0.251   0.290   0.223   0.004   0.000   0.000   0.000   0.042   0.151   0.168
   -51.25    64.25    1940   0.185   0.209   0.264   0.347   0.347   0.122   0.000   0.000   0.000   0.004   0.175   0.600
   -51.25    64.25    1941   0.952   0.982   1.013   1.062   0.776   0.240   0.000   0.000   0.001   0.006   0.087   0.212
   -51.25    64.25    1942   0.257   0.302   0.335   0.362   0.357   0.063   0.000   0.000   0.000   0.042   0.150   0.210
   -51.25    64.25    1943   0.233   0.266   0.376   0.366   0.297   0.131   0.000   0.000   0.008   0.039   0.090   0.148
   -51.25    64.25    1944   0.171   0.284   0.404   0.442   0.455   0.318   0.008   0.000   0.017   0.205   0.398   0.771
   -51.25    64.25    1945   0.992   1.117   1.196   1.259   1.105   0.546   0.074   0.000   0.001   0.068   0.136   0.169
   -51.25    64.25    1946   0.247   0.325   0.396   0.454   0.443   0.163   0.000   0.000   0.000   0.178   0.257   0.283
   -51.25    64.25    1947   0.299   0.318   0.348   0.380   0.289   0.013   0.000   0.000   0.003   0.206   0.407   0.601
   -51.25    64.25    1948   0.804   0.985   1.312   1.416   1.211   0.814   0.161   0.000   0.000   0.041   0.143   0.326
   -51.25    64.25    1949   0.543   0.779   0.974   1.246   1.340   1.082   0.423   0.005   0.000   0.027   0.098   0.301
   -51.25    64.25    1950   0.482   0.549   0.682   0.812   0.848   0.270   0.000   0.000   0.001   0.065   0.247   0.566
   -51.25    64.25    1951   0.742   0.835   1.022   1.059   0.794   0.261   0.000   0.000   0.000   0.032   0.098   0.184
   -51.25    64.25    1952   0.263   0.330   0.399   0.469   0.319   0.027   0.000   0.000   0.000   0.012   0.142   0.290
   -51.25    64.25    1953   0.378   0.449   0.493   0.521   0.414   0.153   0.000   0.000   0.000   0.043   0.162   0.302
   -51.25    64.25    1954   0.426   0.619   0.723   0.689   0.433   0.089   0.000   0.000   0.000   0.153   0.439   0.634
   -51.25    64.25    1955   0.776   0.957   1.218   1.350   1.072   0.476   0.065   0.000   0.003   0.039   0.130   0.278
   -51.25    64.25    1956   0.411   0.580   0.690   0.783   0.730   0.379   0.021   0.000   0.000   0.247   0.553   0.895
   -51.25    64.25    1957   1.117   1.172   1.275   1.378   1.242   0.575   0.023   0.000   0.003   0.249   0.668   0.953
   -51.25    64.25    1958   1.095   1.192   1.295   1.379   1.125   0.590   0.048   0.000   0.000   0.012   0.061   0.122
   -51.25    64.25    1959   0.135   0.166   0.198   0.208   0.151   0.004   0.000   0.000   0.001   0.031   0.160   0.237
   -51.25    64.25    1960   0.262   0.411   0.485   0.527   0.508   0.254   0.002   0.000   0.000   0.001   0.028   0.122
   -51.25    64.25    1961   0.233   0.293   0.376   0.446   0.462   0.085   0.000   0.000   0.000   0.047   0.245   0.353
   -51.25    64.25    1962   0.430   0.535   0.622   0.520   0.371   0.066   0.000   0.000   0.005   0.051   0.134   0.219
   -51.25    64.25    1963   0.295   0.371   0.412   0.428   0.476   0.376   0.060   0.000   0.013   0.123   0.265   0.379
   -51.25    64.25    1964   0.521   0.727   0.888   0.947   0.763   0.408   0.049   0.000   0.000   0.112   0.304   0.449
   -51.25    64.25    1965   0.610   0.794   1.048   1.151   1.019   0.352   0.000   0.000   0.000   0.083   0.187   0.296
   -51.25    64.25    1966   0.334   0.384   0.434   0.526   0.424   0.151   0.000   0.000   0.000   0.000   0.146   0.417
   -51.25    64.25    1967   0.615   0.809   0.909   0.985   0.977   0.513   0.054   0.000   0.000   0.026   0.085   0.208
   -51.25    64.25    1968   0.261   0.341   0.432   0.566   0.499   0.253   0.003   0.000   0.000   0.003   0.010   0.047
   -51.25    64.25    1969   0.074   0.215   0.358   0.422   0.444   0.268   0.024   0.000   0.004   0.066   0.224   0.578
   -51.25    64.25    1970   0.706   0.822   0.931   0.996   1.049   0.976   0.625   0.168   0.000   0.055   0.195   0.244
   -51.25    64.25    1971   0.325   0.366   0.406   0.444   0.469   0.291   0.002   0.000   0.005   0.029   0.165   0.369
   -51.25    64.25    1972   0.442   0.519   0.599   0.695   0.724   0.681   0.431   0.080   0.000   0.171   0.398   0.488
   -51.25    64.25    1973   0.582   0.726   0.923   1.298   1.752   1.442   0.596   0.019   0.000   0.034   0.085   0.243
   -51.25    64.25    1974   0.437   0.477   0.574   0.716   0.697   0.156   0.000   0.000   0.000   0.071   0.444   0.630
   -51.25    64.25    1975   0.774   0.862   1.024   1.242   0.984   0.541   0.088   0.000   0.005   0.053   0.121   0.250
   -51.25    64.25    1976   0.375   0.487   0.600   0.665   0.724   0.531   0.107   0.000   0.000   0.023   0.129   0.243
   -51.25    64.25    1977   0.335   0.410   0.460   0.548   0.512   0.293   0.007   0.000   0.001   0.020   0.137   0.424
   -51.25    64.25    1978   0.542   0.597   0.629   0.734   0.785   0.726   0.274   0.000   0.000   0.121   0.320   0.395
   -51.25    64.25    1979   0.476   0.656   0.815   0.924   0.943   0.698   0.274   0.000   0.000   0.011   0.046   0.169
   -51.25    64.25    1980   0.309   0.450   0.549   1.039   1.145   0.698   0.130   0.000   0.000   0.053   0.294   0.495
   -51.25    64.25    1981   0.699   0.973   1.155   1.237   1.320   0.789   0.132   0.000   0.001   0.059   0.185   0.233
   -51.25    64.25    1982   0.326   0.388   0.465   0.539   0.591   0.432   0.074   0.000   0.067   0.217   0.279   0.378
   -51.25    64.25    1983   0.465   0.614   0.776   0.916   1.074   0.931   0.611   0.193   0.010   0.069   0.185   0.302
   -51.25    64.25    1984   0.363   0.394   0.450   0.514   0.626   0.572   0.132   0.000   0.000   0.035   0.126   0.167
   -51.25    64.25    1985   0.246   0.311   0.387   0.455   0.408   0.110   0.000   0.000   0.000   0.214   0.569   0.868
   -51.25    64.25    1986   1.170   1.380   1.527   1.749   1.638   1.144   0.584   0.061   0.000   0.071   0.344   0.562
   -51.25    64.25    1987   0.970   1.193   1.304   1.568   1.806   1.205   0.352   0.000   0.000   0.266   0.905   1.327
   -51.25    64.25    1988   1.496   1.946   2.497   2.817   3.010   2.301   1.377   0.558   0.203   0.112   0.339   0.553
   -51.25    64.25    1989   0.696   0.847   0.976   1.101   1.200   1.171   0.829   0.350   0.099   0.263   0.472   0.655
   -51.25    64.25    1990   0.754   0.842   1.049   1.246   1.387   1.233   0.717   0.171   0.001   0.069   0.363   0.769
   -51.25    64.25    1991   1.024   1.178   1.414   1.506   1.559   1.459   0.965   0.310   0.006   0.225   0.450   0.760
   -51.25    64.25    1992   1.057   1.251   1.433   1.599   1.637   1.749   1.571   1.141   0.864   1.016   1.209   1.426
   -51.25    64.25    1993   1.686   1.782   1.959   2.126   2.298   2.240   1.819   1.293   0.907   0.750   0.901   1.114
   -51.25    64.25    1994   1.387   1.560   1.691   1.813   1.815   1.669   1.360   0.911   0.592   0.600   0.753   0.940
   -51.25    64.25    1995   1.142   1.235   1.428   1.573   1.587   1.377   0.879   0.327   0.023   0.167   0.730   1.435
   -51.25    64.25    1996   1.959   2.219   2.607   2.984   3.057   2.702   2.061   1.177   0.487   0.661   1.118   1.780
   -51.25    64.25    1997   2.373   2.789   3.090   3.301   3.616   3.015   2.007   1.100   0.456   0.388   0.809   1.236
   -51.25    64.25    1998   1.563   1.919   2.495   2.839   3.025   2.553   1.461   0.284   0.000   0.127   0.568   0.838
   -51.25    64.25    1999   1.235   1.709   2.117   2.344   2.625   2.966   2.141   1.017   0.334   0.207   0.660   1.381
   -51.25    64.25    2000   1.767   2.140   2.720   3.092   3.334   2.998   2.015   0.891   0.148   0.271   0.872   1.205
   -51.25    64.25    2001   1.277   1.410   1.375   1.363   1.433   1.121   0.502   0.031   0.000   0.163   0.491   0.946
   -51.25    64.25    2002   1.158   1.373   1.630   1.853   1.829   1.284   0.384   0.000   0.000   0.016   0.059   0.172
   -51.25    64.25    2003   0.297   0.410   0.493   0.611   0.626   0.302   0.001   0.000   0.000   0.005   0.281   0.588
   -51.25    64.25    2004   0.896   1.143   1.647   1.901   1.867   0.951   0.228   0.000   0.000   0.031   0.267   0.536
   -51.25    64.25    2005   0.906   1.273   1.775   1.993   1.817   1.051   0.278   0.000   0.028   0.294   0.725   1.076
   -51.25    64.25    2006   1.308   1.437   1.565   1.726   1.590   0.915   0.276   0.000   0.000   0.050   0.156   0.331
   -51.25    64.25    2007   0.585   0.736   0.945   1.258   1.314   0.862   0.102   0.000   0.000   0.057   0.544   1.072
   -51.25    64.25    2008   1.218   1.363   1.549   1.782   1.569   0.802   0.104   0.000   0.002   0.170   0.447   0.694
   -51.25    64.25    2009   0.815   0.901   0.970   1.084   1.105   0.944   0.345   0.000   0.000   0.174   0.450   0.601
   -51.25    64.25    2010   0.795   0.983   1.185   1.461   1.396   0.560   0.014   0.000   0.000   0.003   0.058   0.125
   -51.25    64.25    2011   0.237   0.315   0.407   0.501   0.561   0.389   0.024   0.000   0.000   0.118   0.642   0.931
   -51.25    64.25    2012   1.148   1.362   1.545   1.532   1.119   0.645   0.119   0.000   0.002   0.011   0.275   0.551
   -51.25    64.25    2013   0.689   0.938   1.167   1.379   1.669   1.631   1.136   0.545   0.114   0.017   0.163   0.279
   -51.25    64.25    2014   0.481   0.686   0.761   0.830   0.900   0.633   0.108   0.000   0.005   0.088   0.397   0.589
   -51.25    64.25    2015   0.895   1.053   1.238   1.641   1.853   1.765   1.283   0.606   0.199   0.212   0.387   0.514
  -147.25    65.25    1901   0.055   0.076   0.090   0.092   0.022   0.000   0.000   0.000   0.000   0.009   0.043   0.081
  -147.25    65.25    1902   0.105   0.122   0.137   0.118   0.032   0.000   0.000   0.000   0.000   0.007   0.047   0.088
  -147.25    65.25    1903   0.111   0.133   0.144   0.112   0.031   0.000   0.000   0.000   0.000   0.026   0.042   0.080
  -147.25    65.25    1904   0.096   0.109   0.123   0.090   0.005   0.000   0.000   0.000   0.000   0.012   0.033   0.057
  -147.25    65.25    1905   0.090   0.123   0.130   0.079   0.000   0.000   0.000   0.000   0.000   0.011   0.052   0.102
  -147.25    65.25    1906   0.127   0.177   0.174   0.131   0.024   0.000   0.000   0.000   0.000   0.004   0.025   0.074
  -147.25    65.25    1907   0.101   0.125   0.146   0.121   0.002   0.000   0.000   0.000   0.000   0.030   0.050   0.071
  -147.25    65.25    1908   0.093   0.111   0.112   0.086   0.004   0.000   0.000   0.000   0.000   0.010   0.029   0.063
  -147.25    65.25    1909   0.095   0.110   0.103   0.080   0.022   0.000   0.000   0.000   0.000   0.002   0.029   0.067
  -147.25    65.25    1910   0.095   0.107   0.111   0.103   0.004   0.000   0.000   0.000   0.000   0.013   0.025   0.053
  -147.25    65.25    1911   0.083   0.095   0.095   0.085   0.026   0.000   0.000   0.000   0.000   0.000   0.017   0.055
  -147.25    65.25    1912   0.077   0.098   0.122   0.118   0.000   0.000   0.000   0.000   0.000   0.010   0.026   0.051
  -147.25    65.25    1913   0.078   0.086   0.083   0.079   0.010   0.000   0.000   0.000   0.000   0.010   0.030   0.045
  -147.25    65.25    1914   0.052   0.058   0.077   0.090   0.005   0.000   0.000   0.000   0.000   0.000   0.017   0.049
  -147.25    65.25    1915   0.079   0.105   0.161   0.187   0.002   0.000   0.000   0.000   0.000   0.019   0.046   0.067
  -147.25    65.25    1916   0.114   0.149   0.112   0.083   0.000   0.000   0.000   0.000   0.000   0.000   0.051   0.071
  -147.25    65.25    1917   0.098   0.116   0.131   0.124   0.027   0.000   0.000   0.000   0.000   0.004   0.016   0.024
  -147.25    65.25    1918   0.034   0.058   0.091   0.134   0.065   0.000   0.000   0.000   0.000   0.005   0.013   0.041
  -147.25    65.25    1919   0.053   0.060   0.059   0.043   0.000   0.000   0.000   0.000   0.000   0.004   0.042   0.087
  -147.25    65.25    1920   0.111   0.131   0.157   0.130   0.048   0.000   0.000   0.000   0.000   0.002   0.013   0.034
  -147.25    65.25    1921   0.063   0.079   0.097   0.102   0.023   0.000   0.000   0.000   0.000   0.005   0.023   0.036
  -147.25    65.25    1922   0.052   0.065   0.074   0.078   0.035   0.000   0.000   0.000   0.000   0.005   0.010   0.020
  -147.25    65.25    1923   0.033   0.053   0.074   0.079   0.010   0.000   0.000   0.000   0.000   0.000   0.024   0.045
  -147.25    65.25    1924   0.062   0.072   0.080   0.065   0.016   0.000   0.000   0.000   0.000   0.012   0.033   0.060
  -147.25    65.25    1925   0.085   0.109   0.093   0.084   0.006   0.000   0.000   0.000   0.000   0.000   0.019   0.041
  -147.25    65.25    1926   0.051   0.053   0.061   0.062   0.006   0.000   0.000   0.000   0.000   0.001   0.006   0.015
  -147.25    65.25    1927   0.019   0.038   0.048   0.054   0.015   0.000   0.000   0.000   0.002   0.011   0.020   0.031
  -147.25    65.25    1928   0.048   0.065   0.083   0.090   0.024   0.000   0.000   0.000   0.002   0.001   0.009   0.024
  -147.25    65.25    1929   0.038   0.063   0.091   0.101   0.027   0.000   0.000   0.000   0.000   0.006   0.026   0.049
  -147.25    65.25    1930   0.067   0.075   0.099   0.088   0.019   0.000   0.000   0.000   0.000   0.015   0.035   0.061
  -147.25    65.25    1931   0.068   0.081   0.079   0.060   0.023   0.000   0.000   0.000   0.001   0.004   0.025   0.054
  -147.25    65.25    1932   0.075   0.115   0.130   0.125   0.009   0.000   0.000   0.000   0.001   0.019   0.034   0.045
  -147.25    65.25    1933   0.059   0.092   0.099   0.072   0.004   0.000   0.000   0.000   0.000   0.003   0.044   0.089
  -147.25    65.25    1934   0.132   0.140   0.152   0.143   0.038   0.000   0.000   0.000   0.000   0.001   0.008   0.023
  -147.25    65.25    1935   0.047   0.063   0.119   0.128   0.047   0.000   0.000   0.000   0.002   0.027   0.129   0.195
  -147.25    65.25    1936   0.198   0.200   0.187   0.143   0.026   0.000   0.000   0.000   0.000   0.028   0.072   0.123
  -147.25    65.25    1937   0.142   0.169   0.175   0.137   0.059   0.000   0.000   0.000   0.000   0.000   0.013   0.032
  -147.25    65.25    1938   0.044   0.067   0.082   0.088   0.002   0.000   0.000   0.000   0.000   0.000   0.011   0.042
  -147.25    65.25    1939   0.058   0.079   0.093   0.074   0.005   0.000   0.000   0.000   0.000   0.017   0.033   0.061
  -147.25    65.25    1940   0.078   0.102   0.072   0.020   0.000   0.000   0.000   0.000   0.000   0.007   0.020   0.046
  -147.25    65.25    1941   0.051   0.056   0.051   0.031   0.000   0.000   0.000   0.000   0.000   0.000   0.015   0.038
  -147.25    65.25    1942   0.053   0.058   0.066   0.069   0.003   0.000   0.000   0.000   0.000   0.000   0.026   0.066
  -147.25    65.25    1943   0.077   0.088   0.126   0.098   0.011   0.000   0.000   0.000   0.000   0.008   0.017   0.027
  -147.25    65.25    1944   0.036   0.061   0.089   0.078   0.008   0.000   0.000   0.000   0.002   0.011   0.025   0.046
  -147.25    65.25    1945   0.059   0.064   0.074   0.072   0.017   0.000   0.000   0.000   0.000   0.012   0.049   0.074
  -147.25    65.25    1946   0.085   0.090   0.102   0.095   0.017   0.000   0.000   0.000   0.000   0.004   0.037   0.053
  -147.25    65.25    1947   0.096   0.110   0.113   0.091   0.001   0.000   0.000   0.000   0.000   0.013   0.037   0.062
  -147.25    65.25    1948   0.080   0.099   0.079   0.072   0.020   0.000   0.000   0.000   0.000   0.018   0.033   0.059
  -147.25    65.25    1949   0.095   0.134   0.164   0.129   0.046   0.000   0.000   0.000   0.000   0.002   0.017   0.049
  -147.25    65.25    1950   0.095   0.125   0.144   0.151   0.025   0.000   0.000   0.000   0.000   0.002   0.043   0.085
  -147.25    65.25    1951   0.107   0.135   0.166   0.130   0.012   0.000   0.000   0.000   0.000   0.002   0.041   0.087
  -147.25    65.25    1952   0.132   0.162   0.172   0.139   0.056   0.000   0.000   0.000   0.000   0.005   0.027   0.037
  -147.25    65.25    1953   0.043   0.049   0.059   0.031   0.000   0.000   0.000   0.000   0.000   0.001   0.005   0.011
  -147.25    65.25    1954   0.018   0.028   0.035   0.040   0.001   0.000   0.000   0.000   0.000   0.000   0.016   0.036
  -147.25    65.25    1955   0.070   0.096   0.135   0.125   0.039   0.000   0.000   0.000   0.000   0.011   0.036   0.085
  -147.25    65.25    1956   0.124   0.150   0.124   0.098   0.014   0.000   0.000   0.000   0.000   0.003   0.036   0.087
  -147.25    65.25    1957   0.118   0.168   0.184   0.180   0.036   0.000   0.000   0.000   0.000   0.003   0.009   0.019
  -147.25    65.25    1958   0.026   0.036   0.041   0.039   0.000   0.000   0.000   0.000   0.000   0.012   0.039   0.084
  -147.25    65.25    1959   0.089   0.108   0.091   0.086   0.023   0.000   0.000   0.000   0.001   0.014   0.038   0.068
  -147.25    65.25    1960   0.097   0.121   0.124   0.093   0.008   0.000   0.000   0.000   0.002   0.002   0.010   0.021
  -147.25    65.25    1961   0.026   0.032   0.037   0.044   0.006   0.000   0.000   0.000   0.000   0.024   0.040   0.072
  -147.25    65.25    1962   0.102   0.149   0.125   0.116   0.039   0.000   0.000   0.000   0.000   0.003   0.008   0.031
  -147.25    65.25    1963   0.082   0.118   0.170   0.214   0.049   0.000   0.000   0.000   0.000   0.015   0.030   0.048
  -147.25    65.25    1964   0.057   0.070   0.086   0.077   0.030   0.000   0.000   0.000   0.000   0.005   0.021   0.055
  -147.25    65.25    1965   0.068   0.078   0.087   0.096   0.043   0.000   0.000   0.000   0.000   0.012   0.049   0.124
  -147.25    65.25    1966   0.147   0.175   0.212   0.166   0.033   0.000   0.000   0.000   0.000   0.007   0.058   0.135
  -147.25    65.25    1967   0.148   0.167   0.230   0.202   0.029   0.000   0.000   0.000   0.000   0.004   0.042   0.096
  -147.25    65.25    1968   0.140   0.182   0.187   0.150   0.041   0.000   0.000   0.000   0.000   0.008   0.029   0.079
  -147.25    65.25    1969   0.113   0.141   0.156   0.111   0.001   0.000   0.000   0.000   0.000   0.000   0.037   0.062
  -147.25    65.25    1970   0.067   0.081   0.099   0.098   0.004   0.000   0.000   0.000   0.001   0.033   0.074   0.200
  -147.25    65.25    1971   0.257   0.253   0.196   0.174   0.053   0.000   0.000   0.000   0.000   0.014   0.043   0.098
  -147.25    65.25    1972   0.143   0.157   0.166   0.152   0.036   0.000   0.000   0.000   0.000   0.009   0.035   0.080
  -147.25    65.25    1973   0.109   0.117   0.123   0.083   0.000   0.000   0.000   0.000   0.000   0.000   0.063   0.127
  -147.25    65.25    1974   0.133   0.149   0.159   0.129   0.015   0.000   0.000   0.000   0.000   0.014   0.037   0.065
  -147.25    65.25    1975   0.101   0.108   0.088   0.068   0.007   0.000   0.000   0.000   0.000   0.002   0.020   0.039
  -147.25    65.25    1976   0.050   0.055   0.065   0.052   0.000   0.000   0.000   0.000   0.000   0.024   0.038   0.043
  -147.25    65.25    1977   0.045   0.053   0.041   0.038   0.007   0.000   0.000   0.000   0.000   0.004   0.013   0.020
  -147.25    65.25    1978   0.028   0.030   0.035   0.029   0.000   0.000   0.000   0.000   0.000   0.004   0.027   0.063
  -147.25    65.25    1979   0.082   0.088   0.075   0.062   0.009   0.000   0.000   0.000   0.000   0.000   0.022   0.072
  -147.25    65.25    1980   0.088   0.104   0.121   0.116   0.001   0.000   0.000   0.000   0.000   0.000   0.021   0.044
  -147.25    65.25    1981   0.051   0.072   0.083   0.062   0.001   0.000   0.000   0.000   0.000   0.016   0.065   0.116
  -147.25    65.25    1982   0.132   0.133   0.102   0.099   0.033   0.000   0.000   0.000   0.000   0.005   0.032   0.056
  -147.25    65.25    1983   0.064   0.071   0.077   0.054   0.000   0.000   0.000   0.000   0.000   0.021   0.028   0.036
  -147.25    65.25    1984   0.052   0.070   0.064   0.049   0.010   0.000   0.000   0.000   0.000   0.012   0.022   0.074
  -147.25    65.25    1985   0.128   0.147   0.189   0.150   0.045   0.000   0.000   0.000   0.000   0.025   0.056   0.091
  -147.25    65.25    1986   0.104   0.116   0.138   0.108   0.022   0.000   0.000   0.000   0.000   0.017   0.048   0.072
  -147.25    65.25    1987   0.096   0.109   0.113   0.088   0.001   0.000   0.000   0.000   0.000   0.000   0.027   0.068
  -147.25    65.25    1988   0.103   0.110   0.116   0.107   0.005   0.000   0.000   0.000   0.000   0.011   0.046   0.077
  -147.25    65.25    1989   0.107   0.144   0.125   0.075   0.000   0.000   0.000   0.000   0.000   0.000   0.043   0.092
  -147.25    65.25    1990   0.116   0.127   0.145   0.090   0.000   0.000   0.000   0.000   0.001   0.021   0.056   0.139
  -147.25    65.25    1991   0.208   0.191   0.152   0.167   0.010   0.000   0.000   0.000   0.000   0.000   0.010   0.028
  -147.25    65.25    1992   0.048   0.053   0.062   0.068   0.027   0.000   0.000   0.000   0.001   0.006   0.021   0.048
  -147.25    65.25    1993   0.068   0.083   0.091   0.064   0.000   0.000   0.000   0.000   0.000   0.000   0.019   0.055
  -147.25    65.25    1994   0.077   0.084   0.098   0.075   0.000   0.000   0.000   0.000   0.000   0.001   0.057   0.096
  -147.25    65.25    1995   0.115   0.123   0.125   0.065   0.000   0.000   0.000   0.000   0.000   0.001   0.010   0.023
  -147.25    65.25    1996   0.031   0.048   0.078   0.058   0.001   0.000   0.000   0.000   0.000   0.002   0.035   0.060
  -147.25    65.25    1997   0.075   0.083   0.084   0.045   0.000   0.000   0.000   0.000   0.000   0.007   0.014   0.022
  -147.25    65.25    1998   0.037   0.037   0.027   0.007   0.000   0.000   0.000   0.000   0.000   0.000   0.001   0.018
  -147.25    65.25    1999   0.030   0.039   0.042   0.045   0.006   0.000   0.000   0.000   0.000   0.007   0.015   0.041
  -147.25    65.25    2000   0.088   0.090   0.065   0.061   0.017   0.000   0.000   0.000   0.000   0.006   0.021   0.031
  -147.25    65.25    2001   0.042   0.054   0.067   0.051   0.004   0.000   0.000   0.000   0.000   0.000   0.004   0.009
  -147.25    65.25    2002   0.024   0.034   0.042   0.047   0.005   0.000   0.000   0.000   0.000   0.002   0.012   0.025
  -147.25    65.25    2003   0.039   0.057   0.058   0.030   0.000   0.000   0.000   0.000   0.000   0.000   0.044   0.083
  -147.25    65.25    2004   0.097   0.103   0.112   0.064   0.000   0.000   0.000   0.000   0.000   0.000   0.011   0.037
  -147.25    65.25    2005   0.073   0.094   0.102   0.077   0.000   0.000   0.000   0.000   0.000   0.001   0.012   0.021
  -147.25    65.25    2006   0.027   0.033   0.044   0.048   0.002   0.000   0.000   0.000   0.000   0.001   0.005   0.013
  -147.25    65.25    2007   0.033   0.042   0.049   0.030   0.000   0.000   0.000   0.000   0.000   0.000   0.002   0.006
  -147.25    65.25    2008   0.022   0.028   0.032   0.041   0.003   0.000   0.000   0.000   0.000   0.011   0.021   0.033
  -147.25    65.25    2009   0.057   0.064   0.066   0.066   0.001   0.000   0.000   0.000   0.000   0.000   0.013   0.030
  -147.25    65.25    2010   0.040   0.043   0.048   0.027   0.000   0.000   0.000   0.000   0.000   0.012   0.045   0.096
  -147.25    65.25    2011   0.103   0.104   0.095   0.087   0.010   0.000   0.000   0.000   0.000   0.000   0.007   0.024
  -147.25    65.25    2012   0.036   0.049   0.061   0.043   0.000   0.000   0.000   0.000   0.000   0.017   0.045   0.104
  -147.25    65.25    2013   0.135   0.136   0.101   0.102   0.053   0.000   0.000   0.000   0.000   0.000   0.039   0.098
  -147.25    65.25    2014   0.119   0.127   0.140   0.143   0.007   0.000   0.000   0.000   0.000   0.003   0.014   0.029
  -147.25    65.25    2015   0.055   0.064   0.061   0.049   0.000   0.000   0.000   0.000   0.000   0.000   0.021   0.049
    26.75    67.25    1901   0.199   0.260   0.303   0.254   0.085   0.000   0.000   0.000   0.000   0.004   0.088   0.199
    26.75    67.25    1902   0.256   0.369   0.480   0.464   0.277   0.001   0.000   0.000   0.001   0.035   0.108   0.163
    26.75    67.25    1903   0.201   0.254   0.316   0.351   0.156   0.000   0.000   0.000   0.000   0.062   0.191   0.316
    26.75    67.25    1904   0.377   0.433   0.473   0.369   0.073   0.000   0.000   0.000   0.000   0.002   0.049   0.118
    26.75    67.25    1905   0.181   0.240   0.283   0.324   0.127   0.000   0.000   0.000   0.000   0.047   0.206   0.323
    26.75    67.25    1906   0.431   0.541   0.584   0.439   0.076   0.000   0.000   0.000   0.000   0.010   0.109   0.213
    26.75    67.25    1907   0.285   0.341   0.372   0.326   0.098   0.000   0.000   0.000   0.000   0.001   0.010   0.020
    26.75    67.25    1908   0.053   0.096   0.124   0.124   0.013   0.000   0.000   0.000   0.000   0.001   0.048   0.136
    26.75    67.25    1909   0.239   0.301   0.302   0.243   0.185   0.001   0.000   0.000   0.000   0.003   0.058   0.102
    26.75    67.25    1910   0.191   0.262   0.316   0.343   0.066   0.000   0.000   0.000   0.000   0.005   0.053   0.106
    26.75    67.25    1911   0.128   0.156   0.181   0.203   0.057   0.000   0.000   0.000   0.000   0.024   0.145   0.226
    26.75    67.25    1912   0.275   0.304   0.323   0.268   0.144   0.000   0.000   0.000   0.000   0.006   0.064   0.152
    26.75    67.25    1913   0.187   0.226   0.247   0.254   0.128   0.000   0.000   0.000   0.000   0.050   0.171   0.233
    26.75    67.25    1914   0.286   0.372   0.421   0.370   0.128   0.000   0.000   0.000   0.000   0.001   0.072   0.181
    26.75    67.25    1915   0.264   0.356   0.447   0.486   0.284   0.003   0.000   0.000   0.000   0.003   0.055   0.134
    26.75    67.25    1916   0.183   0.272   0.363   0.366   0.204   0.001   0.000   0.000   0.000   0.038   0.138   0.276
    26.75    67.25    1917   0.346   0.412   0.450   0.386   0.302   0.015   0.000   0.000   0.000   0.003   0.095   0.170
    26.75    67.25    1918   0.206   0.241   0.268   0.260   0.090   0.000   0.000   0.000   0.000   0.004   0.010   0.047
    26.75    67.25    1919   0.097   0.128   0.154   0.201   0.083   0.000   0.000   0.000   0.000   0.030   0.105   0.155
    26.75    67.25    1920   0.216   0.264   0.287   0.153   0.005   0.000   0.000   0.000   0.000   0.015   0.080   0.140
    26.75    67.25    1921   0.217   0.292   0.353   0.194   0.000   0.000   0.000   0.000   0.000   0.056   0.172   0.254
    26.75    67.25    1922   0.321   0.369   0.390   0.324   0.097   0.000   0.000   0.000   0.000   0.033   0.159   0.264
    26.75    67.25    1923   0.389   0.474   0.505   0.403   0.238   0.000   0.000   0.000   0.000   0.010   0.059   0.121
    26.75    67.25    1924   0.160   0.192   0.223   0.255   0.093   0.000   0.000   0.000   0.000   0.002   0.062   0.120
    26.75    67.25    1925   0.176   0.210   0.260   0.265   0.058   0.000   0.000   0.000   0.000   0.022   0.099   0.143
    26.75    67.25    1926   0.188   0.227   0.262   0.250   0.115   0.000   0.000   0.000   0.000   0.069   0.189   0.270
    26.75    67.25    1927   0.359   0.448   0.497   0.425   0.228   0.000   0.000   0.000   0.000   0.058   0.171   0.229
    26.75    67.25    1928   0.270   0.316   0.369   0.340   0.091   0.000   0.000   0.000   0.000   0.015   0.107   0.154
    26.75    67.25    1929   0.180   0.202   0.231   0.252   0.096   0.000   0.000   0.000   0.000   0.002   0.034   0.120
    26.75    67.25    1930   0.186   0.237   0.274   0.303   0.093   0.000   0.000   0.000   0.000   0.005   0.094   0.198
    26.75    67.25    1931   0.247   0.308   0.356   0.297   0.043   0.000   0.000   0.000   0.000   0.014   0.087   0.163
    26.75    67.25    1932   0.257   0.323   0.354   0.298   0.109   0.000   0.000   0.000   0.000   0.080   0.210   0.277
    26.75    67.25    1933   0.320   0.398   0.441   0.362   0.172   0.000   0.000   0.000   0.000   0.012   0.040   0.068
    26.75    67.25    1934   0.104   0.167   0.215   0.258   0.071   0.000   0.000   0.000   0.000   0.002   0.057   0.114
    26.75    67.25    1935   0.153   0.238   0.282   0.310   0.281   0.012   0.000   0.000   0.000   0.008   0.062   0.135
    26.75    67.25    1936   0.199   0.250   0.276   0.299   0.085   0.000   0.000   0.000   0.000   0.053   0.181   0.280
    26.75    67.25    1937   0.368   0.419   0.427   0.260   0.005   0.000   0.000   0.000   0.000   0.000   0.063   0.129
    26.75    67.25    1938   0.197   0.306   0.374   0.357   0.071   0.000   0.000   0.000   0.000   0.000   0.007   0.061
    26.75    67.25    1939   0.085   0.122   0.151   0.183   0.104   0.000   0.000   0.000   0.000   0.009   0.084   0.164
    26.75    67.25    1940   0.205   0.280   0.287   0.233   0.035   0.000   0.000   0.000   0.000   0.001   0.033   0.076
    26.75    67.25    1941   0.090   0.108   0.125   0.140   0.048   0.000   0.000   0.000   0.000   0.028   0.071   0.087
    26.75    67.25    1942   0.117   0.162   0.174   0.164   0.070   0.000   0.000   0.000   0.000   0.058   0.209   0.255
    26.75    67.25    1943   0.315   0.401   0.522   0.515   0.177   0.000   0.000   0.000   0.000   0.011   0.117   0.239
    26.75    67.25    1944   0.324   0.415   0.498   0.476   0.219   0.000   0.000   0.000   0.000   0.000   0.087   0.265
    26.75    67.25    1945   0.335   0.417   0.472   0.496   0.165   0.000   0.000   0.000   0.000   0.036   0.109   0.160
    26.75    67.25    1946   0.200   0.250   0.269   0.222   0.049   0.000   0.000   0.000   0.000   0.002   0.032   0.071
    26.75    67.25    1947   0.086   0.108   0.127   0.143   0.010   0.000   0.000   0.000   0.000   0.001   0.036   0.105
    26.75    67.25    1948   0.157   0.189   0.205   0.201   0.023   0.000   0.000   0.000   0.000   0.012   0.087   0.209
    26.75    67.25    1949   0.266   0.345   0.334   0.269   0.069   0.000   0.000   0.000   0.000   0.043   0.204   0.313
    26.75    67.25    1950   0.388   0.439   0.506   0.399   0.045   0.000   0.000   0.000   0.000   0.000   0.026   0.087
    26.75    67.25    1951   0.123   0.149   0.179   0.210   0.089   0.000   0.000   0.000   0.000   0.001   0.089   0.260
    26.75    67.25    1952   0.353   0.472   0.572   0.484   0.147   0.000   0.000   0.000   0.000   0.007   0.101   0.203
    26.75    67.25    1953   0.314   0.430   0.474   0.335   0.047   0.000   0.000   0.000   0.000   0.000   0.087   0.153
    26.75    67.25    1954   0.212   0.263   0.309   0.339   0.060   0.000   0.000   0.000   0.000   0.046   0.170   0.267
    26.75    67.25    1955   0.370   0.462   0.446   0.377   0.272   0.007   0.000   0.000   0.000   0.046   0.170   0.269
    26.75    67.25    1956   0.356   0.425   0.458   0.439   0.125   0.000   0.000   0.000   0.000   0.019   0.084   0.146
    26.75    67.25    1957   0.247   0.345   0.392   0.322   0.067   0.000   0.000   0.000   0.000   0.003   0.044   0.093
    26.75    67.25    1958   0.130   0.167   0.200   0.240   0.216   0.000   0.000   0.000   0.000   0.004   0.014   0.045
    26.75    67.25    1959   0.098   0.153   0.185   0.225   0.070   0.000   0.000   0.000   0.000   0.004   0.033   0.091
    26.75    67.25    1960   0.144   0.187   0.209   0.208   0.010   0.000   0.000   0.000   0.000   0.008   0.054   0.191
    26.75    67.25    1961   0.284   0.382   0.363   0.290   0.147   0.000   0.000   0.000   0.000   0.000   0.037   0.138
    26.75    67.25    1962   0.235   0.348   0.404   0.389   0.031   0.000   0.000   0.000   0.000   0.011   0.084   0.141
    26.75    67.25    1963   0.193   0.261   0.276   0.186   0.007   0.000   0.000   0.000   0.000   0.007   0.139   0.258
    26.75    67.25    1964   0.323   0.392   0.413   0.329   0.097   0.000   0.000   0.000   0.000   0.000   0.049   0.188
    26.75    67.25    1965   0.291   0.393   0.508   0.486   0.238   0.001   0.000   0.000   0.000   0.020   0.140   0.233
    26.75    67.25    1966   0.301   0.352   0.433   0.421   0.168   0.000   0.000   0.000   0.000   0.042   0.196   0.333
    26.75    67.25    1967   0.412   0.488   0.554   0.402   0.136   0.000   0.000   0.000   0.000   0.023   0.044   0.115
    26.75    67.25    1968   0.171   0.261   0.354   0.363   0.180   0.000   0.000   0.000   0.001   0.107   0.251   0.336
    26.75    67.25    1969   0.430   0.497   0.545   0.452   0.278   0.007   0.000   0.000   0.000   0.002   0.118   0.220
    26.75    67.25    1970   0.267   0.317   0.382   0.475   0.242   0.000   0.000   0.000   0.000   0.002   0.030   0.079
    26.75    67.25    1971   0.123   0.165   0.220   0.236   0.123   0.000   0.000   0.000   0.000   0.006   0.076   0.124
    26.75    67.25    1972   0.152   0.178   0.198   0.226   0.088   0.000   0.000   0.000   0.000   0.003   0.076   0.132
    26.75    67.25    1973   0.207   0.264   0.294   0.333   0.174   0.000   0.000   0.000   0.000   0.052   0.156   0.265
    26.75    67.25    1974   0.345   0.485   0.532   0.382   0.147   0.000   0.000   0.000   0.000   0.006   0.106   0.209
    26.75    67.25    1975   0.347   0.432   0.474   0.479   0.097   0.000   0.000   0.000   0.000   0.007   0.056   0.109
    26.75    67.25    1976   0.165   0.217   0.250   0.266   0.077   0.000   0.000   0.000   0.000   0.023   0.162   0.265
    26.75    67.25    1977   0.361   0.468   0.470   0.400   0.259   0.000   0.000   0.000   0.000   0.025   0.134   0.186
    26.75    67.25    1978   0.219   0.286   0.324   0.361   0.151   0.000   0.000   0.000   0.000   0.021   0.106   0.133
    26.75    67.25    1979   0.163   0.215   0.252   0.290   0.114   0.000   0.000   0.000   0.000   0.037   0.186   0.334
    26.75    67.25    1980   0.431   0.493   0.545   0.437   0.096   0.000   0.000   0.000   0.000   0.059   0.222   0.351
    26.75    67.25    1981   0.459   0.543   0.620   0.551   0.183   0.000   0.000   0.000   0.000   0.001   0.061   0.132
    26.75    67.25    1982   0.173   0.188   0.208   0.236   0.078   0.000   0.000   0.000   0.000   0.006   0.103   0.194
    26.75    67.25    1983   0.298   0.367   0.398   0.319   0.021   0.000   0.000   0.000   0.000   0.004   0.093   0.175
    26.75    67.25    1984   0.278   0.361   0.423   0.337   0.032   0.000   0.000   0.000   0.000   0.004   0.048   0.092
    26.75    67.25    1985   0.126   0.146   0.173   0.207   0.139   0.000   0.000   0.000   0.000   0.003   0.056   0.103
    26.75    67.25    1986   0.143   0.172   0.200   0.236   0.087   0.000   0.000   0.000   0.000   0.000   0.044   0.084
    26.75    67.25    1987   0.097   0.138   0.213   0.234   0.095   0.000   0.000   0.000   0.000   0.000   0.019   0.051
    26.75    67.25    1988   0.099   0.216   0.277   0.269   0.054   0.000   0.000   0.000   0.000   0.044   0.146   0.221
    26.75    67.25    1989   0.323   0.422   0.437   0.267   0.014   0.000   0.000   0.000   0.000   0.012   0.042   0.126
    26.75    67.25    1990   0.185   0.305   0.375   0.273   0.026   0.000   0.000   0.000   0.000   0.002   0.032   0.082
    26.75    67.25    1991   0.121   0.151   0.183   0.247   0.102   0.000   0.000   0.000   0.000   0.004   0.029   0.096
    26.75    67.25    1992   0.139   0.172   0.226   0.268   0.086   0.000   0.000   0.000   0.000   0.024   0.089   0.253
    26.75    67.25    1993   0.388   0.475   0.438   0.368   0.138   0.000   0.000   0.000   0.001   0.034   0.071   0.108
    26.75    67.25    1994   0.175   0.225   0.244   0.211   0.010   0.000   0.000   0.000   0.000   0.007   0.046   0.095
    26.75    67.25    1995   0.147   0.201   0.272   0.299   0.092   0.000   0.000   0.000   0.000   0.008   0.128   0.244
    26.75    67.25    1996   0.269   0.309   0.349   0.343   0.198   0.000   0.000   0.000   0.000   0.000   0.072   0.213
    26.75    67.25    1997   0.289   0.418   0.513   0.623   0.351   0.000   0.000   0.000   0.000   0.020   0.093   0.168
    26.75    67.25    1998   0.280   0.462   0.546   0.455   0.215   0.000   0.000   0.000   0.000   0.012   0.092   0.191
    26.75    67.25    1999   0.264   0.340   0.408   0.363   0.064   0.000   0.000   0.000   0.000   0.003   0.050   0.097
    26.75    67.25    2000   0.156   0.246   0.294   0.350   0.077   0.000   0.000   0.000   0.000   0.000   0.039   0.147
    26.75    67.25    2001   0.231   0.335   0.388   0.398   0.160   0.000   0.000   0.000   0.000   0.013   0.074   0.135
    26.75    67.25    2002   0.169   0.258   0.331   0.169   0.000   0.000   0.000   0.000   0.000   0.017   0.077   0.124
    26.75    67.25    2003   0.197   0.278   0.282   0.229   0.048   0.000   0.000   0.000   0.000   0.005   0.036   0.083
    26.75    67.25    2004   0.127   0.178   0.222   0.217   0.028   0.000   0.000   0.000   0.000   0.004   0.043   0.109
    26.75    67.25    2005   0.182   0.230   0.256   0.234   0.059   0.000   0.000   0.000   0.000   0.000   0.010   0.068
    26.75    67.25    2006   0.117   0.157   0.183   0.139   0.000   0.000   0.000   0.000   0.000   0.024   0.156   0.275
    26.75    67.25    2007   0.375   0.438   0.340   0.237   0.040   0.000   0.000   0.000   0.000   0.000   0.056   0.092
    26.75    67.25    2008   0.162   0.220   0.251   0.272   0.119   0.000   0.000   0.000   0.000   0.004   0.114   0.239
    26.75    67.25    2009   0.270   0.328   0.354   0.279   0.028   0.000   0.000   0.000   0.000   0.042   0.176   0.267
    26.75    67.25    2010   0.305   0.362   0.401   0.272   0.011   0.000   0.000   0.000   0.000   0.003   0.034   0.065
    26.75    67.25    2011   0.106   0.157   0.212   0.099   0.000   0.000   0.000   0.000   0.000   0.002   0.021   0.104
    26.75    67.25    2012   0.162   0.208   0.266   0.314   0.138   0.000   0.000   0.000   0.000   0.016   0.106   0.189
    26.75    67.25    2013   0.249   0.294   0.311   0.314   0.053   0.000   0.000   0.000   0.000   0.014   0.034   0.101
    26.75    67.25    2014   0.157   0.200   0.239   0.244   0.076   0.000   0.000   0.000   0.000   0.003   0.055   0.145
    26.75    67.25    2015   0.227   0.373   0.441   0.260   0.005   0.000   0.000   0.000   0.000   0.001   0.026   0.105
   147.25    70.75    1901   0.108   0.128   0.141   0.159   0.178   0.064   0.000   0.000   0.000   0.041   0.098   0.157
   147.25    70.75    1902   0.181   0.224   0.263   0.269   0.223   0.069   0.000   0.000   0.000   0.031   0.098   0.162
   147.25    70.75    1903   0.194   0.241   0.267   0.287   0.230   0.050   0.000   0.000   0.001   0.044   0.105   0.162
   147.25    70.75    1904   0.198   0.240   0.267   0.278   0.226   0.040   0.000   0.000   0.000   0.033   0.104   0.162
   147.25    70.75    1905   0.180   0.229   0.261   0.276   0.231   0.055   0.000   0.000   0.007   0.085   0.139   0.194
   147.25    70.75    1906   0.227   0.270   0.310   0.296   0.240   0.057   0.000   0.000   0.006   0.080   0.152   0.204
   147.25    70.75    1907   0.252   0.292   0.313   0.314   0.265   0.074   0.000   0.000   0.000   0.039   0.103   0.149
   147.25    70.75    1908   0.189   0.227   0.266   0.280   0.243   0.039   0.000   0.000   0.002   0.074   0.127   0.162
   147.25    70.75    1909   0.219   0.247   0.294   0.270   0.222   0.039   0.000   0.000   0.005   0.043   0.070   0.105
   147.25    70.75    1910   0.124   0.150   0.167   0.182   0.202   0.050   0.000   0.000   0.001   0.029   0.057   0.086
   147.25    70.75    1911   0.097   0.133   0.153   0.163   0.179   0.050   0.000   0.000   0.003   0.062   0.108   0.168
   147.25    70.75    1912   0.209   0.240   0.274   0.276   0.226   0.056   0.000   0.000   0.002   0.036   0.120   0.172
   147.25    70.75    1913   0.210   0.256   0.276   0.281   0.235   0.047   0.000   0.000   0.001   0.045   0.096   0.148
   147.25    70.75    1914   0.201   0.225   0.274   0.270   0.223   0.067   0.000   0.000   0.005   0.067   0.154   0.189
   147.25    70.75    1915   0.207   0.265   0.295   0.304   0.247   0.088   0.000   0.000   0.003   0.081   0.156   0.190
   147.25    70.75    1916   0.242   0.273   0.319   0.317   0.266   0.085   0.000   0.000   0.008   0.054   0.132   0.167
   147.25    70.75    1917   0.217   0.257   0.290   0.276   0.224   0.056   0.000   0.000   0.016   0.089   0.144   0.191
   147.25    70.75    1918   0.239   0.284   0.306   0.313   0.254   0.047   0.000   0.000   0.002   0.065   0.126   0.158
   147.25    70.75    1919   0.200   0.246   0.286   0.303   0.257   0.055   0.000   0.000   0.005   0.051   0.116   0.189
   147.25    70.75    1920   0.222   0.255   0.291   0.281   0.231   0.041   0.000   0.000   0.008   0.057   0.157   0.189
   147.25    70.75    1921   0.240   0.262   0.298   0.293   0.248   0.048   0.000   0.000   0.002   0.055   0.109   0.153
   147.25    70.75    1922   0.208   0.255   0.283   0.286   0.225   0.051   0.000   0.000   0.000   0.051   0.111   0.177
   147.25    70.75    1923   0.201   0.246   0.282   0.298   0.245   0.065   0.000   0.000   0.007   0.078   0.137   0.187
   147.25    70.75    1924   0.240   0.265   0.298   0.284   0.235   0.046   0.000   0.000   0.002   0.042   0.121   0.155
   147.25    70.75    1925   0.194   0.244   0.278   0.291   0.245   0.060   0.000   0.000   0.002   0.059   0.132   0.180
   147.25    70.75    1926   0.214   0.237   0.291   0.290   0.242   0.058   0.000   0.000   0.001   0.041   0.103   0.152
   147.25    70.75    1927   0.193   0.238   0.273   0.273   0.231   0.053   0.000   0.000   0.003   0.066   0.136   0.176
   147.25    70.75    1928   0.205   0.273   0.292   0.296   0.237   0.052   0.000   0.000   0.004   0.089   0.128   0.150
   147.25    70.75    1929   0.172   0.199   0.214   0.209   0.165   0.036   0.000   0.000   0.003   0.018   0.052   0.072
   147.25    70.75    1930   0.097   0.121   0.125   0.117   0.113   0.020   0.000   0.000   0.003   0.061   0.102   0.112
   147.25    70.75    1931   0.122   0.127   0.143   0.145   0.117   0.025   0.000   0.000   0.007   0.070   0.098   0.119
   147.25    70.75    1932   0.151   0.177   0.188   0.176   0.134   0.010   0.000   0.000   0.007   0.088   0.128   0.146
   147.25    70.75    1933   0.177   0.215   0.242   0.232   0.180   0.038   0.000   0.000   0.003   0.032   0.049   0.077
   147.25    70.75    1934   0.108   0.133   0.161   0.157   0.127   0.025   0.000   0.000   0.004   0.067   0.101   0.163
   147.25    70.75    1935   0.190   0.213   0.245   0.250   0.188   0.026   0.000   0.000   0.001   0.036   0.095   0.174
   147.25    70.75    1936   0.192   0.235   0.256   0.269   0.215   0.044   0.000   0.000   0.000   0.013   0.045   0.061
   147.25    70.75    1937   0.109   0.150   0.185   0.217   0.179   0.020   0.000   0.000   0.001   0.019   0.047   0.083
   147.25    70.75    1938   0.101   0.122   0.159   0.136   0.114   0.031   0.000   0.000   0.002   0.036   0.102   0.123
   147.25    70.75    1939   0.143   0.155   0.169   0.179   0.144   0.020   0.000   0.000   0.000   0.043   0.065   0.085
   147.25    70.75    1940   0.108   0.133   0.146   0.155   0.124   0.005   0.000   0.000   0.005   0.026   0.059   0.071
   147.25    70.75    1941   0.087   0.105   0.117   0.121   0.128   0.040   0.000   0.000   0.000   0.039   0.079   0.090
   147.25    70.75    1942   0.127   0.154   0.174   0.190   0.163   0.024   0.000   0.000   0.000   0.015   0.054   0.071
   147.25    70.75    1943   0.118   0.124   0.144   0.153   0.134   0.006   0.000   0.000   0.002   0.041   0.092   0.122
   147.25    70.75    1944   0.153   0.183   0.222   0.205   0.153   0.021   0.000   0.000   0.001   0.070   0.131   0.162
   147.25    70.75    1945   0.182   0.200   0.214   0.211   0.158   0.010   0.000   0.000   0.010   0.050   0.078   0.111
   147.25    70.75    1946   0.128   0.139   0.153   0.139   0.108   0.008   0.000   0.000   0.002   0.043   0.069   0.085
   147.25    70.75    1947   0.094   0.099   0.130   0.125   0.103   0.023   0.000   0.000   0.000   0.100   0.186   0.192
   147.25    70.75    1948   0.208   0.217   0.224   0.227   0.165   0.004   0.000   0.000   0.009   0.038   0.060   0.076
   147.25    70.75    1949   0.089   0.101   0.118   0.100   0.083   0.009   0.000   0.000   0.000   0.017   0.044   0.054
   147.25    70.75    1950   0.073   0.090   0.094   0.097   0.103   0.024   0.000   0.000   0.001   0.021   0.031   0.043
   147.25    70.75    1951   0.051   0.056   0.066   0.077   0.080   0.005   0.000   0.000   0.001   0.039   0.064   0.078
   147.25    70.75    1952   0.090   0.108   0.125   0.126   0.102   0.018   0.000   0.000   0.001   0.074   0.133   0.168
   147.25    70.75    1953   0.175   0.203   0.213   0.217   0.164   0.013   0.000   0.000   0.000   0.036   0.114   0.142
   147.25    70.75    1954   0.188   0.201   0.236   0.248   0.211   0.072   0.000   0.000   0.004   0.047   0.101   0.152
   147.25    70.75    1955   0.197   0.208   0.260   0.278   0.226   0.058   0.000   0.000   0.008   0.041   0.077   0.097
   147.25    70.75    1956   0.148   0.191   0.206   0.223   0.228   0.057   0.000   0.000   0.002   0.039   0.099   0.139
   147.25    70.75    1957   0.170   0.256   0.277   0.287   0.227   0.031   0.000   0.000   0.002   0.020   0.079   0.095
   147.25    70.75    1958   0.110   0.123   0.133   0.151   0.161   0.083   0.000   0.000   0.000   0.039   0.080   0.105
   147.25    70.75    1959   0.156   0.192   0.211   0.213   0.164   0.002   0.000   0.000   0.004   0.079   0.129   0.158
   147.25    70.75    1960   0.183   0.253   0.281   0.250   0.197   0.038   0.000   0.000   0.005   0.064   0.147   0.192
   147.25    70.75    1961   0.211   0.236   0.261   0.254   0.216   0.028   0.000   0.000   0.009   0.104   0.178   0.209
   147.25    70.75    1962   0.232   0.258   0.287   0.274   0.226   0.098   0.000   0.000   0.024   0.124   0.262   0.328
   147.25    70.75    1963   0.371   0.416   0.447   0.432   0.348   0.139   0.000   0.000   0.005   0.042   0.117   0.146
   147.25    70.75    1964   0.171   0.213   0.277   0.286   0.281   0.030   0.000   0.000   0.014   0.051   0.110   0.164
   147.25    70.75    1965   0.205   0.234   0.253   0.228   0.195   0.046   0.000   0.000   0.002   0.041   0.147   0.191
   147.25    70.75    1966   0.233   0.329   0.387   0.420   0.340   0.066   0.000   0.000   0.001   0.058   0.194   0.335
   147.25    70.75    1967   0.388   0.440   0.477   0.497   0.420   0.181   0.000   0.000   0.006   0.121   0.224   0.254
   147.25    70.75    1968   0.312   0.389   0.439   0.461   0.376   0.079   0.000   0.000   0.000   0.073   0.132   0.181
   147.25    70.75    1969   0.245   0.308   0.345   0.363   0.293   0.040   0.000   0.000   0.004   0.062   0.104   0.135
   147.25    70.75    1970   0.173   0.203   0.217   0.223   0.187   0.034   0.000   0.000   0.000   0.020   0.077   0.135
   147.25    70.75    1971   0.170   0.207   0.261   0.310   0.253   0.035   0.000   0.000   0.000   0.009   0.098   0.147
   147.25    70.75    1972   0.194   0.252   0.301   0.335   0.278   0.044   0.000   0.000   0.006   0.070   0.169   0.239
   147.25    70.75    1973   0.354   0.420   0.436   0.356   0.308   0.073   0.000   0.000   0.008   0.141   0.223   0.310
   147.25    70.75    1974   0.351   0.394   0.412   0.412   0.329   0.066   0.000   0.000   0.002   0.062   0.133   0.173
   147.25    70.75    1975   0.199   0.250   0.295   0.286   0.229   0.081   0.000   0.000   0.001   0.026   0.114   0.168
   147.25    70.75    1976   0.228   0.238   0.246   0.264   0.225   0.040   0.000   0.000   0.002   0.038   0.067   0.082
   147.25    70.75    1977   0.098   0.152   0.160   0.146   0.124   0.017   0.000   0.000   0.008   0.052   0.091   0.117
   147.25    70.75    1978   0.185   0.229   0.246   0.229   0.193   0.067   0.000   0.000   0.000   0.053   0.102   0.147
   147.25    70.75    1979   0.190   0.222   0.268   0.285   0.232   0.039   0.000   0.000   0.003   0.049   0.070   0.083
   147.25    70.75    1980   0.120   0.189   0.222   0.213   0.163   0.030   0.000   0.000   0.003   0.037   0.091   0.106
   147.25    70.75    1981   0.122   0.134   0.165   0.176   0.158   0.013   0.000   0.000   0.001   0.046   0.070   0.124
   147.25    70.75    1982   0.178   0.226   0.242   0.254   0.219   0.096   0.000   0.000   0.001   0.028   0.073   0.119
   147.25    70.75    1983   0.140   0.170   0.191   0.197   0.160   0.005   0.000   0.000   0.000   0.043   0.075   0.121
   147.25    70.75    1984   0.159   0.178   0.192   0.178   0.146   0.068   0.000   0.000   0.005   0.096   0.227   0.254
   147.25    70.75    1985   0.292   0.337   0.454   0.432   0.332   0.108   0.000   0.000   0.001   0.047   0.091   0.149
   147.25    70.75    1986   0.191   0.229   0.238   0.240   0.203   0.031   0.000   0.000   0.002   0.035   0.079   0.090
   147.25    70.75    1987   0.103   0.115   0.126   0.133   0.149   0.057   0.000   0.000   0.006   0.036   0.046   0.059
   147.25    70.75    1988   0.089   0.105   0.124   0.126   0.133   0.036   0.000   0.000   0.001   0.064   0.107   0.129
   147.25    70.75    1989   0.160   0.183   0.225   0.221   0.172   0.030   0.000   0.000   0.001   0.041   0.092   0.118
   147.25    70.75    1990   0.143   0.187   0.215   0.223   0.131   0.000   0.000   0.000   0.021   0.104   0.190   0.232
   147.25    70.75    1991   0.244   0.250   0.283   0.256   0.203   0.041   0.000   0.000   0.000   0.038   0.077   0.113
   147.25    70.75    1992   0.142   0.156   0.181   0.207   0.200   0.053   0.000   0.000   0.001   0.036   0.077   0.109
   147.25    70.75    1993   0.128   0.170   0.201   0.200   0.168   0.024   0.000   0.000   0.003   0.054   0.089   0.147
   147.25    70.75    1994   0.171   0.211   0.248   0.235   0.188   0.039   0.000   0.000   0.001   0.042   0.109   0.156
   147.25    70.75    1995   0.201   0.241   0.272   0.289   0.225   0.027   0.000   0.000   0.002   0.049   0.114   0.159
   147.25    70.75    1996   0.242   0.285   0.334   0.327   0.248   0.117   0.000   0.000   0.003   0.021   0.069   0.109
   147.25    70.75    1997   0.123   0.141   0.166   0.177   0.188   0.070   0.000   0.000   0.010   0.059   0.122   0.152
   147.25    70.75    1998   0.173   0.189   0.224   0.255   0.209   0.038   0.000   0.000   0.001   0.036   0.086   0.147
   147.25    70.75    1999   0.155   0.158   0.175   0.179   0.170   0.032   0.000   0.000   0.004   0.081   0.151   0.216
   147.25    70.75    2000   0.296   0.353   0.437   0.425   0.332   0.066   0.000   0.000   0.005   0.068   0.122   0.159
   147.25    70.75    2001   0.187   0.201   0.224   0.226   0.182   0.022   0.000   0.000   0.015   0.072   0.136   0.202
   147.25    70.75    2002   0.226   0.259   0.322   0.296   0.242   0.068   0.000   0.000   0.000   0.024   0.046   0.051
   147.25    70.75    2003   0.078   0.102   0.115   0.123   0.144   0.037   0.000   0.000   0.000   0.048   0.120   0.173
   147.25    70.75    2004   0.188   0.206   0.242   0.255   0.218   0.063   0.000   0.000   0.001   0.062   0.118   0.158
   147.25    70.75    2005   0.193   0.215   0.238   0.237   0.176   0.011   0.000   0.000   0.001   0.023   0.059   0.110
   147.25    70.75    2006   0.139   0.162   0.223   0.205   0.160   0.020   0.000   0.000   0.001   0.055   0.179   0.272
   147.25    70.75    2007   0.311   0.324   0.357   0.347   0.180   0.000   0.000   0.000   0.000   0.042   0.120   0.219
   147.25    70.75    2008   0.248   0.268   0.303   0.296   0.220   0.013   0.000   0.000   0.000   0.005   0.024   0.060
   147.25    70.75    2009   0.080   0.095   0.109   0.129   0.147   0.028   0.000   0.000   0.000   0.051   0.113   0.181
   147.25    70.75    2010   0.237   0.303   0.371   0.345   0.278   0.052   0.000   0.000   0.000   0.027   0.071   0.100
   147.25    70.75    2011   0.147   0.195   0.227   0.254   0.279   0.095   0.000   0.000   0.002   0.116   0.212   0.233
   147.25    70.75    2012   0.267   0.343   0.352   0.331   0.252   0.018   0.000   0.000   0.000   0.069   0.180   0.286
   147.25    70.75    2013   0.378   0.417   0.432   0.448   0.351   0.080   0.000   0.000   0.008   0.106   0.177   0.240
   147.25    70.75    2014   0.306   0.354   0.398   0.375   0.311   0.104   0.000   0.000   0.000   0.030   0.097   0.139
   147.25    70.75    2015   0.179   0.213   0.219   0.241   0.236   0.050   0.000   0.000   0.001   0.041   0.088   0.149
   -20.75    74.25    1901   0.181   0.246   0.298   0.346   0.367   0.352   0.111   0.000   0.018   0.071   0.132   0.209
   -20.75    74.25    1902   0.319   0.404   0.508   0.590   0.545   0.426   0.157   0.000   0.019   0.109   0.165   0.254
   -20.75    74.25    1903   0.344   0.440   0.513   0.634   0.651   0.510   0.203   0.000   0.020   0.089   0.172   0.233
   -20.75    74.25    1904   0.327   0.429   0.534   0.613   0.601   0.434   0.057   0.000   0.017   0.053   0.083   0.146
   -20.75    74.25    1905   0.201   0.255   0.294   0.346   0.366   0.340   0.154   0.000   0.039   0.085   0.166   0.266
   -20.75    74.25    1906   0.344   0.436   0.550   0.617   0.600   0.455   0.160   0.000   0.036   0.083   0.157   0.255
   -20.75    74.25    1907   0.377   0.428   0.526   0.622   0.613   0.494   0.220   0.006   0.076   0.132   0.202   0.274
   -20.75    74.25    1908   0.417   0.497   0.577   0.642   0.634   0.482   0.155   0.000   0.022   0.090   0.183   0.254
   -20.75    74.25    1909   0.386   0.470   0.544   0.619   0.645   0.470   0.201   0.002   0.007   0.053   0.086   0.126
   -20.75    74.25    1910   0.178   0.245   0.281   0.339   0.360   0.353   0.156   0.000   0.015   0.053   0.089   0.139
   -20.75    74.25    1911   0.199   0.237   0.289   0.330   0.361   0.344   0.170   0.000   0.035   0.087   0.164   0.260
   -20.75    74.25    1912   0.342   0.433   0.540   0.628   0.602   0.450   0.104   0.001   0.014   0.058   0.102   0.148
   -20.75    74.25    1913   0.198   0.237   0.308   0.342   0.365   0.363   0.134   0.000   0.006   0.032   0.083   0.128
   -20.75    74.25    1914   0.190   0.240   0.272   0.332   0.358   0.320   0.140   0.000   0.013   0.057   0.078   0.131
   -20.75    74.25    1915   0.191   0.244   0.296   0.339   0.360   0.350   0.280   0.082   0.011   0.043   0.075   0.119
   -20.75    74.25    1916   0.189   0.244   0.288   0.335   0.359   0.346   0.120   0.000   0.007   0.072   0.139   0.215
   -20.75    74.25    1917   0.321   0.414   0.493   0.603   0.589   0.476   0.197   0.000   0.031   0.103   0.176   0.264
   -20.75    74.25    1918   0.344   0.435   0.548   0.625   0.584   0.446   0.195   0.008   0.082   0.159   0.225   0.293
   -20.75    74.25    1919   0.431   0.500   0.619   0.668   0.697   0.499   0.124   0.002   0.024   0.113   0.174   0.269
   -20.75    74.25    1920   0.361   0.468   0.554   0.624   0.576   0.414   0.088   0.000   0.010   0.051   0.147   0.205
   -20.75    74.25    1921   0.344   0.409   0.510   0.582   0.611   0.455   0.094   0.000   0.031   0.107   0.158   0.244
   -20.75    74.25    1922   0.336   0.440   0.552   0.628   0.585   0.448   0.231   0.007   0.010   0.048   0.092   0.126
   -20.75    74.25    1923   0.191   0.246   0.280   0.333   0.364   0.346   0.179   0.000   0.020   0.053   0.088   0.142
   -20.75    74.25    1924   0.193   0.244   0.301   0.337   0.363   0.337   0.145   0.000   0.036   0.094   0.191   0.261
   -20.75    74.25    1925   0.386   0.452   0.586   0.636   0.630   0.399   0.032   0.000   0.007   0.068   0.138   0.212
   -20.75    74.25    1926   0.307   0.397   0.541   0.590   0.611   0.441   0.055   0.000   0.006   0.042   0.080   0.125
   -20.75    74.25    1927   0.198   0.237   0.286   0.333   0.359   0.307   0.041   0.000   0.026   0.092   0.162   0.255
   -20.75    74.25    1928   0.345   0.435   0.541   0.586   0.507   0.361   0.056   0.000   0.015   0.077   0.165   0.226
   -20.75    74.25    1929   0.346   0.462   0.549   0.609   0.621   0.418   0.023   0.005   0.019   0.048   0.091   0.143
   -20.75    74.25    1930   0.203   0.251   0.302   0.335   0.370   0.305   0.049   0.000   0.012   0.078   0.144   0.242
   -20.75    74.25    1931   0.332   0.441   0.548   0.599   0.625   0.442   0.063   0.000   0.008   0.066   0.159   0.218
   -20.75    74.25    1932   0.332   0.431   0.522   0.585   0.518   0.244   0.000   0.000   0.015   0.087   0.163   0.245
   -20.75    74.25    1933   0.355   0.423   0.529   0.608   0.543   0.351   0.006   0.000   0.006   0.037   0.070   0.119
   -20.75    74.25    1934   0.174   0.229   0.279   0.324   0.347   0.259   0.003   0.000   0.005   0.065   0.126   0.208
   -20.75    74.25    1935   0.313   0.415   0.510   0.579   0.487   0.360   0.045   0.000   0.020   0.094   0.164   0.259
   -20.75    74.25    1936   0.360   0.446   0.521   0.612   0.540   0.301   0.011   0.000   0.008   0.044   0.082   0.133
   -20.75    74.25    1937   0.181   0.231   0.279   0.321   0.353   0.297   0.046   0.000   0.019   0.084   0.169   0.237
   -20.75    74.25    1938   0.370   0.452   0.526   0.602   0.524   0.289   0.005   0.001   0.014   0.037   0.090   0.136
   -20.75    74.25    1939   0.164   0.239   0.279   0.334   0.356   0.285   0.056   0.000   0.015   0.066   0.131   0.224
   -20.75    74.25    1940   0.374   0.438   0.513   0.580   0.606   0.341   0.011   0.000   0.013   0.046   0.091   0.125
   -20.75    74.25    1941   0.175   0.251   0.297   0.336   0.354   0.208   0.003   0.000   0.003   0.039   0.088   0.125
   -20.75    74.25    1942   0.189   0.238   0.287   0.336   0.357   0.308   0.026   0.000   0.008   0.037   0.089   0.142
   -20.75    74.25    1943   0.182   0.237   0.287   0.334   0.354   0.298   0.012   0.001   0.031   0.103   0.196   0.267
   -20.75    74.25    1944   0.371   0.467   0.550   0.601   0.501   0.287   0.019   0.000   0.006   0.030   0.071   0.122
   -20.75    74.25    1945   0.169   0.229   0.279   0.331   0.352   0.246   0.030   0.000   0.007   0.040   0.073   0.119
   -20.75    74.25    1946   0.190   0.243   0.284   0.329   0.350   0.291   0.035   0.000   0.009   0.110   0.158   0.252
   -20.75    74.25    1947   0.359   0.443   0.546   0.626   0.581   0.303   0.016   0.000   0.013   0.088   0.153   0.250
   -20.75    74.25    1948   0.353   0.443   0.521   0.597   0.500   0.288   0.011   0.000   0.016   0.047   0.088   0.146
   -20.75    74.25    1949   0.173   0.215   0.246   0.270   0.282   0.194   0.009   0.000   0.008   0.084   0.125   0.156
   -20.75    74.25    1950   0.206   0.249   0.276   0.293   0.308   0.306   0.179   0.002   0.046   0.101   0.187   0.259
   -20.75    74.25    1951   0.308   0.345   0.362   0.390   0.374   0.244   0.032   0.001   0.008   0.029   0.042   0.064
   -20.75    74.25    1952   0.100   0.124   0.143   0.193   0.206   0.190   0.062   0.000   0.009   0.056   0.085   0.113
   -20.75    74.25    1953   0.209   0.281   0.343   0.388   0.356   0.232   0.022   0.000   0.017   0.094   0.210   0.325
   -20.75    74.25    1954   0.517   0.663   0.743   0.812   0.739   0.600   0.395   0.220   0.139   0.167   0.215   0.312
   -20.75    74.25    1955   0.370   0.392   0.436   0.479   0.493   0.480   0.387   0.219   0.181   0.216   0.228   0.278
   -20.75    74.25    1956   0.390   0.500   0.526   0.536   0.548   0.566   0.423   0.185   0.125   0.194   0.244   0.310
   -20.75    74.25    1957   0.381   0.477   0.544   0.569   0.585   0.575   0.397   0.088   0.019   0.098   0.149   0.293
   -20.75    74.25    1958   0.590   0.814   1.017   1.158   1.249   1.239   0.700   0.017   0.017   0.045   0.084   0.119
   -20.75    74.25    1959   0.167   0.203   0.266   0.335   0.383   0.337   0.126   0.005   0.016   0.079   0.155   0.233
   -20.75    74.25    1960   0.336   0.407   0.463   0.542   0.578   0.555   0.310   0.025   0.097   0.177   0.197   0.249
   -20.75    74.25    1961   0.377   0.474   0.543   0.586   0.593   0.469   0.136   0.001   0.011   0.080   0.196   0.235
   -20.75    74.25    1962   0.312   0.365   0.384   0.396   0.403   0.414   0.177   0.000   0.007   0.114   0.276   0.366
   -20.75    74.25    1963   0.465   0.497   0.571   0.713   0.741   0.602   0.321   0.027   0.019   0.134   0.225   0.257
   -20.75    74.25    1964   0.305   0.364   0.442   0.499   0.519   0.405   0.136   0.000   0.007   0.091   0.186   0.291
   -20.75    74.25    1965   0.373   0.408   0.424   0.492   0.505   0.375   0.115   0.000   0.008   0.045   0.085   0.104
   -20.75    74.25    1966   0.136   0.164   0.191   0.222   0.242   0.205   0.014   0.000   0.007   0.043   0.067   0.124
   -20.75    74.25    1967   0.231   0.289   0.337   0.395   0.346   0.221   0.032   0.000   0.012   0.036   0.093   0.142
   -20.75    74.25    1968   0.174   0.251   0.275   0.313   0.349   0.263   0.024   0.000   0.050   0.121   0.166   0.237
   -20.75    74.25    1969   0.311   0.362   0.449   0.497   0.424   0.282   0.103   0.000   0.021   0.067   0.097   0.140
   -20.75    74.25    1970   0.313   0.406   0.466   0.595   0.575   0.457   0.189   0.002   0.068   0.165   0.253   0.291
   -20.75    74.25    1971   0.365   0.546   0.680   0.714   0.764   0.509   0.101   0.000   0.038   0.097   0.135   0.226
   -20.75    74.25    1972   0.518   0.678   0.797   0.880   0.808   0.634   0.295   0.033   0.003   0.075   0.235   0.306
   -20.75    74.25    1973   0.421   0.519   0.556   0.643   0.680   0.635   0.222   0.000   0.008   0.026   0.039   0.062
   -20.75    74.25    1974   0.196   0.333   0.374   0.439   0.460   0.441   0.235   0.003   0.014   0.092   0.241   0.424
   -20.75    74.25    1975   0.503   0.559   0.602   0.654   0.664   0.514   0.230   0.006   0.013   0.026   0.106   0.206
   -20.75    74.25    1976   0.292   0.427   0.612   0.778   0.816   0.646   0.205   0.003   0.002   0.037   0.145   0.178
   -20.75    74.25    1977   0.195   0.220   0.243   0.272   0.276   0.270   0.097   0.000   0.023   0.130   0.169   0.275
   -20.75    74.25    1978   0.408   0.437   0.517   0.563   0.516   0.422   0.203   0.000   0.018   0.069   0.138   0.190
   -20.75    74.25    1979   0.331   0.407   0.523   0.616   0.577   0.452   0.178   0.000   0.010   0.076   0.162   0.231
   -20.75    74.25    1980   0.296   0.355   0.423   0.524   0.572   0.544   0.323   0.036   0.002   0.023   0.035   0.057
   -20.75    74.25    1981   0.090   0.126   0.158   0.201   0.226   0.185   0.028   0.000   0.012   0.056   0.078   0.114
   -20.75    74.25    1982   0.146   0.270   0.487   0.714   0.628   0.463   0.119   0.000   0.066   0.155   0.212   0.247
   -20.75    74.25    1983   0.349   0.526   0.617   0.694   0.605   0.466   0.221   0.008   0.014   0.044   0.056   0.097
   -20.75    74.25    1984   0.218   0.335   0.465   0.536   0.605   0.548   0.179   0.006   0.090   0.163   0.225   0.391
   -20.75    74.25    1985   0.502   0.600   0.715   0.753   0.614   0.486   0.304   0.053   0.011   0.039   0.111   0.160
   -20.75    74.25    1986   0.219   0.303   0.415   0.500   0.529   0.476   0.137   0.000   0.022   0.133   0.197   0.301
   -20.75    74.25    1987   0.405   0.457   0.554   0.658   0.655   0.500   0.164   0.000   0.009   0.047   0.081   0.121
   -20.75    74.25    1988   0.177   0.235   0.289   0.312   0.297   0.179   0.009   0.000   0.011   0.025   0.078   0.136
   -20.75    74.25    1989   0.166   0.188   0.249   0.320   0.362   0.343   0.094   0.000   0.029   0.071   0.097   0.133
   -20.75    74.25    1990   0.231   0.321   0.368   0.449   0.477   0.386   0.131   0.000   0.067   0.197   0.220   0.383
   -20.75    74.25    1991   0.614   0.814   0.876   0.946   0.889   0.650   0.265   0.000   0.063   0.188   0.251   0.294
   -20.75    74.25    1992   0.654   0.842   0.910   1.035   1.100   0.876   0.424   0.064   0.023   0.044   0.113   0.176
   -20.75    74.25    1993   0.204   0.258   0.312   0.365   0.395   0.413   0.144   0.003   0.018   0.045   0.098   0.179
   -20.75    74.25    1994   0.245   0.343   0.407   0.485   0.517   0.498   0.314   0.008   0.013   0.140   0.251   0.362
   -20.75    74.25    1995   0.492   0.586   0.691   0.803   0.819   0.617   0.190   0.000   0.005   0.064   0.114   0.194
   -20.75    74.25    1996   0.404   0.555   0.669   0.776   0.762   0.580   0.182   0.000   0.034   0.100   0.156   0.176
   -20.75    74.25    1997   0.192   0.261   0.318   0.352   0.365   0.330   0.102   0.000   0.050   0.089   0.128   0.185
   -20.75    74.25    1998   0.245   0.298   0.364   0.432   0.452   0.444   0.245   0.007   0.007   0.052   0.105   0.163
   -20.75    74.25    1999   0.255   0.335   0.418   0.453   0.477   0.461   0.172   0.000   0.021   0.137   0.224   0.281
   -20.75    74.25    2000   0.373   0.464   0.540   0.576   0.556   0.418   0.073   0.000   0.040   0.145   0.252   0.304
   -20.75    74.25    2001   0.382   0.514   0.604   0.646   0.555   0.387   0.138   0.000   0.005   0.031   0.091   0.125
   -20.75    74.25    2002   0.196   0.247   0.289   0.348   0.405   0.329   0.027   0.000   0.003   0.050   0.132   0.242
   -20.75    74.25    2003   0.453   0.529   0.642   0.736   0.686   0.473   0.078   0.000   0.002   0.037   0.132   0.212
   -20.75    74.25    2004   0.280   0.384   0.481   0.649   0.669   0.468   0.093   0.000   0.062   0.160   0.195   0.253
   -20.75    74.25    2005   0.353   0.437   0.492   0.548   0.481   0.324   0.054   0.001   0.026   0.070   0.121   0.337
   -20.75    74.25    2006   0.481   0.600   0.733   0.829   0.696   0.559   0.249   0.002   0.012   0.042   0.056   0.097
   -20.75    74.25    2007   0.183   0.220   0.296   0.353   0.365   0.327   0.067   0.000   0.012   0.084   0.135   0.245
   -20.75    74.25    2008   0.381   0.562   0.739   0.852   0.797   0.497   0.046   0.000   0.019   0.145   0.189   0.280
   -20.75    74.25    2009   0.494   0.634   0.704   0.736   0.693   0.518   0.182   0.000   0.044   0.113   0.194   0.266
   -20.75    74.25    2010   0.352   0.418   0.472   0.536   0.519   0.390   0.077   0.000   0.016   0.056   0.078   0.108
   -20.75    74.25    2011   0.164   0.224   0.307   0.341   0.375   0.358   0.099   0.000   0.028   0.085   0.170   0.251
   -20.75    74.25    2012   0.366   0.456   0.539   0.672   0.751   0.533   0.088   0.000   0.015   0.198   0.318   0.543
   -20.75    74.25    2013   0.740   0.885   1.021   1.124   0.992   0.737   0.272   0.001   0.010   0.121   0.310   0.414
   -20.75    74.25    2014   0.566   0.727   0.774   0.867   0.901   0.687   0.170   0.000   0.019   0.121   0.228   0.331
   -20.75    74.25    2015   0.559   0.912   1.080   1.329   1.236   0.885   0.428   0.042   0.021   0.081   0.197   0.313
    15.75    78.25    1901  19.896  19.994  20.000  20.000  20.000  19.975  19.748  19.372  19.326  19.405  19.505  19.583
    15.75    78.25    1902  19.696  19.792  19.889  19.961  20.000  19.996  19.858  19.512  19.422  19.511  19.600  19.704
    15.75    78.25    1903  19.800  19.899  19.982  20.000  20.000  19.989  19.778  19.533  19.405  19.494  19.595  19.682
    15.75    78.25    1904  19.783  19.888  19.975  20.000  20.000  19.979  19.741  19.452  19.404  19.516  19.587  19.696
    15.75    78.25    1905  19.783  19.882  19.972  20.000  20.000  19.991  19.775  19.433  19.373  19.454  19.533  19.648
    15.75    78.25    1906  19.745  19.852  19.957  20.000  20.000  19.989  19.767  19.497  19.405  19.487  19.558  19.681
    15.75    78.25    1907  19.777  19.869  19.976  20.000  20.000  19.963  19.751  19.445  19.410  19.477  19.567  19.658
    15.75    78.25    1908  19.761  19.855  19.951  20.000  20.000  19.983  19.781  19.405  19.358  19.451  19.535  19.636
    15.75    78.25    1909  19.738  19.826  19.931  19.998  20.000  19.983  19.845  19.528  19.444  19.535  19.625  19.719
    15.75    78.25    1910  19.812  19.913  19.983  20.000  20.000  19.989  19.782  19.512  19.454  19.540  19.643  19.735
    15.75    78.25    1911  19.837  19.936  19.997  20.000  20.000  19.984  19.781  19.469  19.368  19.431  19.517  19.617
    15.75    78.25    1912  19.731  19.835  19.899  19.989  20.000  19.962  19.766  19.600  19.624  19.713  19.797  19.906
    15.75    78.25    1913  19.981  20.000  20.000  20.000  20.000  19.998  19.856  19.545  19.434  19.495  19.599  19.696
    15.75    78.25    1914  19.800  19.906  19.986  20.000  20.000  19.954  19.794  19.450  19.404  19.471  19.558  19.654
    15.75    78.25    1915  19.763  19.861  19.963  20.000  20.000  19.966  19.767  19.544  19.574  19.639  19.734  19.848
    15.75    78.25    1916  19.942  20.000  20.000  20.000  20.000  19.944  19.664  19.428  19.399  19.473  19.562  19.694
    15.75    78.25    1917  19.771  19.850  19.960  20.000  20.000  19.995  19.873  19.776  19.799  19.879  19.969  20.000
    15.75    78.25    1918  20.000  20.000  20.000  20.000  20.000  19.938  19.563  19.166  19.134  19.230  19.300  19.402
    15.75    78.25    1919  19.514  19.612  19.724  19.781  19.848  19.792  19.550  19.275  19.224  19.309  19.406  19.490
    15.75    78.25    1920  19.593  19.697  19.791  19.872  19.924  19.937  19.762  19.432  19.301  19.411  19.504  19.600
    15.75    78.25    1921  19.701  19.790  19.894  19.977  20.000  19.937  19.642  19.187  19.103  19.198  19.276  19.393
    15.75    78.25    1922  19.477  19.598  19.684  19.747  19.811  19.725  19.301  18.827  18.722  18.786  18.870  18.955
    15.75    78.25    1923  19.084  19.174  19.269  19.359  19.401  19.424  19.115  18.696  18.553  18.634  18.727  18.825
    15.75    78.25    1924  18.933  19.037  19.128  19.195  19.261  19.252  18.921  18.464  18.360  18.476  18.545  18.635
    15.75    78.25    1925  18.752  18.842  18.942  19.022  19.068  19.053  18.697  18.336  18.093  18.134  18.210  18.316
    15.75    78.25    1926  18.412  18.512  18.606  18.697  18.745  18.766  18.521  18.258  18.146  18.191  18.280  18.386
    15.75    78.25    1927  18.491  18.575  18.682  18.758  18.811  18.807  18.561  18.226  18.098  18.186  18.274  18.377
    15.75    78.25    1928  18.458  18.570  18.657  18.746  18.791  18.808  18.595  18.293  18.158  18.217  18.307  18.423
    15.75    78.25    1929  18.527  18.613  18.734  18.794  18.849  18.866  18.737  18.535  18.512  18.600  18.685  18.780
    15.75    78.25    1930  18.871  18.992  19.081  19.164  19.214  19.174  18.768  18.285  18.160  18.235  18.331  18.429
    15.75    78.25    1931  18.540  18.628  18.740  18.803  18.868  18.887  18.588  18.211  18.132  18.230  18.316  18.410
    15.75    78.25    1932  18.512  18.609  18.702  18.782  18.842  18.834  18.590  18.230  18.208  18.294  18.385  18.480
    15.75    78.25    1933  18.572  18.679  18.771  18.863  18.915  18.956  18.736  18.397  18.239  18.270  18.358  18.457
    15.75    78.25    1934  18.570  18.643  18.752  18.830  18.897  18.891  18.581  18.189  17.896  17.919  18.000  18.086
    15.75    78.25    1935  18.205  18.321  18.395  18.482  18.532  18.550  18.253  17.843  17.726  17.808  17.891  18.009
    15.75    78.25    1936  18.086  18.197  18.309  18.379  18.436  18.432  18.294  17.970  17.810  17.886  17.983  18.082
    15.75    78.25    1937  18.193  18.280  18.385  18.470  18.523  18.537  18.331  17.948  17.819  17.895  17.982  18.041
    15.75    78.25    1938  18.178  18.273  18.383  18.458  18.524  18.489  18.165  17.833  17.745  17.827  17.907  18.022
    15.75    78.25    1939  18.128  18.206  18.325  18.392  18.452  18.483  18.316  17.864  17.791  17.873  17.946  18.048
    15.75    78.25    1940  18.147  18.264  18.354  18.437  18.487  18.484  18.236  17.986  17.943  18.000  18.082  18.165
    15.75    78.25    1941  18.280  18.391  18.477  18.561  18.618  18.657  18.460  18.089  18.030  18.115  18.202  18.287
    15.75    78.25    1942  18.403  18.493  18.594  18.676  18.721  18.762  18.550  18.200  18.139  18.209  18.298  18.409
    15.75    78.25    1943  18.511  18.591  18.683  18.770  18.835  18.810  18.609  18.347  18.290  18.388  18.463  18.565
    15.75    78.25    1944  18.670  18.767  18.862  18.943  19.003  19.016  18.817  18.529  18.524  18.612  18.706  18.783
    15.75    78.25    1945  18.894  19.005  19.092  19.178  19.229  19.239  19.039  18.795  18.681  18.742  18.826  18.925
    15.75    78.25    1946  19.053  19.120  19.196  19.267  19.321  19.370  19.101  18.703  18.585  18.658  18.734  18.832
    15.75    78.25    1947  18.909  18.986  19.070  19.148  19.211  19.206  18.988  18.706  18.578  18.658  18.731  18.824
    15.75    78.25    1948  18.909  18.990  19.077  19.140  19.216  19.252  19.089  18.900  18.919  18.985  19.065  19.176
    15.75    78.25    1949  19.305  19.422  19.526  19.602  19.667  19.693  19.556  19.313  19.355  19.432  19.513  19.632
    15.75    78.25    1950  19.716  19.810  19.882  19.988  20.000  19.979  19.780  19.385  19.199  19.234  19.309  19.416
    15.75    78.25    1951  19.497  19.599  19.680  19.760  19.804  19.826  19.636  19.282  19.159  19.239  19.321  19.392
    15.75    78.25    1952  19.482  19.569  19.674  19.756  19.831  19.798  19.532  19.310  19.297  19.378  19.457  19.548
    15.75    78.25    1953  19.638  19.725  19.828  19.898  19.940  19.937  19.624  19.200  19.076  19.179  19.260  19.371
    15.75    78.25    1954  19.516  19.591  19.714  19.786  19.849  19.856  19.585  19.273  19.151  19.235  19.308  19.402
    15.75    78.25    1955  19.488  19.601  19.696  19.767  19.836  19.872  19.683  19.473  19.336  19.375  19.441  19.561
    15.75    78.25    1956  19.633  19.741  19.822  19.902  19.967  19.992  19.772  19.356  19.263  19.345  19.442  19.520
    15.75    78.25    1957  19.644  19.738  19.841  19.928  19.985  19.970  19.695  19.310  19.162  19.197  19.306  19.399
    15.75    78.25    1958  19.513  19.625  19.726  19.795  19.850  19.853  19.649  19.358  19.288  19.377  19.466  19.566
    15.75    78.25    1959  19.656  19.746  19.847  19.945  19.995  19.975  19.731  19.468  19.416  19.481  19.574  19.691
    15.75    78.25    1960  19.778  19.868  19.974  20.000  19.999  19.968  19.717  19.312  19.160  19.148  19.217  19.302
    15.75    78.25    1961  19.398  19.477  19.564  19.647  19.693  19.707  19.430  18.952  18.840  18.925  19.018  19.129
    15.75    78.25    1962  19.225  19.322  19.410  19.478  19.522  19.532  19.449  19.240  19.216  19.288  19.374  19.449
    15.75    78.25    1963  19.543  19.635  19.740  19.812  19.862  19.909  19.733  19.468  19.349  19.430  19.523  19.610
    15.75    78.25    1964  19.715  19.816  19.902  19.979  20.000  19.999  19.900  19.583  19.456  19.560  19.644  19.761
    15.75    78.25    1965  19.876  19.988  20.000  20.000  20.000  19.966  19.753  19.420  19.367  19.425  19.503  19.602
    15.75    78.25    1966  19.727  19.818  19.870  19.946  19.987  19.986  19.749  19.357  19.319  19.384  19.480  19.665
    15.75    78.25    1967  19.778  19.894  19.991  20.000  20.000  19.976  19.757  19.490  19.463  19.541  19.648  19.764
    15.75    78.25    1968  19.814  19.891  19.983  20.000  20.000  19.988  19.823  19.570  19.558  19.628  19.702  19.812
    15.75    78.25    1969  19.900  19.977  20.000  20.000  20.000  19.996  19.798  19.440  19.288  19.340  19.408  19.534
    15.75    78.25    1970  19.637  19.726  19.774  19.824  19.858  19.921  19.734  19.426  19.404  19.480  19.542  19.610
    15.75    78.25    1971  19.703  19.763  19.860  19.930  19.964  19.909  19.568  19.257  19.225  19.294  19.363  19.432
    15.75    78.25    1972  19.576  19.749  19.896  19.988  20.000  19.899  19.590  19.245  19.103  19.164  19.236  19.311
    15.75    78.25    1973  19.441  19.526  19.614  19.696  19.761  19.775  19.540  19.239  19.198  19.275  19.363  19.435
    15.75    78.25    1974  19.524  19.614  19.725  19.841  19.903  19.904  19.644  19.183  19.028  19.075  19.170  19.269
    15.75    78.25    1975  19.398  19.494  19.605  19.700  19.760  19.798  19.566  19.245  19.117  19.191  19.284  19.417
    15.75    78.25    1976  19.490  19.618  19.784  19.871  19.902  19.817  19.546  19.202  19.160  19.245  19.359  19.435
    15.75    78.25    1977  19.536  19.612  19.658  19.703  19.775  19.793  19.528  19.205  19.102  19.176  19.275  19.410
    15.75    78.25    1978  19.545  19.653  19.760  19.843  19.906  19.925  19.700  19.313  19.239  19.314  19.454  19.598
    15.75    78.25    1979  19.710  19.786  19.847  19.905  19.980  19.996  19.684  19.251  19.167  19.259  19.351  19.433
    15.75    78.25    1980  19.545  19.636  19.737  19.802  19.857  19.805  19.458  19.190  19.084  19.152  19.256  19.324
    15.75    78.25    1981  19.412  19.524  19.637  19.690  19.735  19.797  19.649  19.301  19.185  19.291  19.356  19.460
    15.75    78.25    1982  19.561  19.657  19.742  19.834  19.937  19.971  19.790  19.535  19.501  19.547  19.630  19.743
    15.75    78.25    1983  19.858  19.956  20.000  20.000  20.000  19.995  19.804  19.445  19.383  19.452  19.507  19.596
    15.75    78.25    1984  19.685  19.861  19.974  20.000  20.000  19.956  19.608  19.220  19.124  19.201  19.281  19.407
    15.75    78.25    1985  19.527  19.653  19.770  19.871  19.932  19.889  19.583  19.129  19.013  19.104  19.170  19.272
    15.75    78.25    1986  19.386  19.477  19.581  19.696  19.743  19.702  19.338  18.932  18.841  18.898  18.976  19.023
    15.75    78.25    1987  19.087  19.139  19.190  19.253  19.293  19.298  19.103  18.858  18.811  18.910  19.005  19.103
    15.75    78.25    1988  19.201  19.270  19.350  19.434  19.487  19.446  19.156  18.697  18.640  18.751  18.838  18.919
    15.75    78.25    1989  19.020  19.118  19.236  19.338  19.398  19.380  19.171  18.827  18.796  18.897  19.001  19.088
    15.75    78.25    1990  19.180  19.247  19.311  19.413  19.490  19.475  19.133  18.761  18.615  18.697  18.764  18.873
    15.75    78.25    1991  18.995  19.127  19.242  19.351  19.427  19.426  19.171  18.779  18.613  18.706  18.783  18.902
    15.75    78.25    1992  19.064  19.172  19.250  19.341  19.397  19.448  19.163  18.828  18.651  18.672  18.730  18.814
    15.75    78.25    1993  18.945  19.061  19.211  19.347  19.422  19.398  19.102  18.567  18.356  18.399  18.506  18.649
    15.75    78.25    1994  18.732  18.781  18.888  18.943  18.996  18.971  18.715  18.434  18.408  18.500  18.585  18.677
    15.75    78.25    1995  18.773  18.857  18.962  19.033  19.087  19.060  18.711  18.369  18.178  18.197  18.247  18.380
    15.75    78.25    1996  18.595  18.729  18.847  18.929  18.982  18.955  18.716  18.380  18.316  18.401  18.491  18.596
    15.75    78.25    1997  18.714  18.814  18.910  18.974  19.022  19.013  18.744  18.493  18.398  18.471  18.547  18.670
    15.75    78.25    1998  18.791  18.894  18.983  19.087  19.130  19.133  18.739  18.168  18.022  18.097  18.178  18.277
    15.75    78.25    1999  18.373  18.435  18.498  18.560  18.588  18.583  18.305  17.931  17.786  17.846  17.934  18.012
    15.75    78.25    2000  18.087  18.152  18.235  18.290  18.355  18.368  18.110  17.731  17.630  17.739  17.829  17.914
    15.75    78.25    2001  18.042  18.107  18.170  18.238  18.291  18.230  17.914  17.475  17.228  17.260  17.345  17.488
    15.75    78.25    2002  17.591  17.712  17.777  17.855  17.932  17.882  17.455  16.967  16.744  16.802  16.901  17.013
    15.75    78.25    2003  17.116  17.194  17.342  17.521  17.575  17.555  17.222  16.754  16.607  16.676  16.749  16.839
    15.75    78.25    2004  16.963  17.029  17.121  17.208  17.253  17.243  16.812  16.352  16.251  16.331  16.415  16.507
    15.75    78.25    2005  16.601  16.680  16.829  16.913  16.971  16.881  16.507  15.996  15.829  15.937  16.029  16.104
    15.75    78.25    2006  16.217  16.382  16.469  16.533  16.559  16.421  15.981  15.460  15.248  15.293  15.399  15.502
    15.75    78.25    2007  15.618  15.682  15.757  15.845  15.897  15.761  15.292  14.807  14.624  14.760  14.849  14.956
    15.75    78.25    2008  15.043  15.172  15.258  15.309  15.356  15.332  15.011  14.628  14.501  14.543  14.640  14.757
    15.75    78.25    2009  14.849  14.945  15.027  15.120  15.169  15.102  14.758  14.233  14.090  14.147  14.230  14.326
    15.75    78.25    2010  14.429  14.533  14.627  14.703  14.747  14.675  14.297  13.987  13.852  13.921  14.023  14.121
    15.75    78.25    2011  14.200  14.310  14.414  14.499  14.541  14.448  14.034  13.571  13.226  13.213  13.298  13.383
    15.75    78.25    2012  13.484  13.603  13.679  13.768  13.826  13.769  13.394  12.979  12.821  12.864  12.953  13.037
    15.75    78.25    2013  13.144  13.222  13.349  13.413  13.467  13.403  13.006  12.460  12.158  12.172  12.264  12.362
    15.75    78.25    2014  12.477  12.557  12.646  12.740  12.802  12.728  12.380  11.924  11.723  11.779  11.869  11.979
    15.75    78.25    2015  12.068  12.179  12.266  12.352  12.411  12.335  11.874  11.321  11.053  11.083  11.175  11.275
